  Main.cpp
c:\users\xerca\source\repos\cvproject\cvproject\slic.hpp(30): warning C4091: 'static ': ignored on left of 'Slic::InitType' when no variable is declared
c:\users\xerca\source\repos\cvproject\cvproject\main.cpp(44): warning C4244: 'argument': conversion from 'double' to '_Tp', possible loss of data
          with
          [
              _Tp=int
          ]
c:\users\xerca\source\repos\cvproject\cvproject\main.cpp(44): warning C4244: 'argument': conversion from 'double' to 'int', possible loss of data
  Slic.cpp
c:\users\xerca\source\repos\cvproject\cvproject\slic.hpp(30): warning C4091: 'static ': ignored on left of 'Slic::InitType' when no variable is declared
c:\users\xerca\source\repos\cvproject\cvproject\slic.cpp(116): warning C4244: 'initializing': conversion from 'int' to 'float', possible loss of data
c:\users\xerca\source\repos\cvproject\cvproject\slic.cpp(120): warning C4267: 'argument': conversion from 'size_t' to 'int', possible loss of data
c:\users\xerca\source\repos\cvproject\cvproject\slic.cpp(129): warning C4244: 'argument': conversion from 'int' to 'float', possible loss of data
c:\users\xerca\source\repos\cvproject\cvproject\slic.cpp(152): warning C4244: '=': conversion from 'float' to '_Tp', possible loss of data
          with
          [
              _Tp=int
          ]
c:\users\xerca\source\repos\cvproject\cvproject\slic.cpp(183): warning C4267: 'argument': conversion from 'size_t' to 'int', possible loss of data
c:\users\xerca\source\repos\cvproject\cvproject\slic.cpp(320): warning C4244: 'argument': conversion from '_Tp' to '_Tp', possible loss of data
          with
          [
              _Tp=double
          ]
          and
          [
              _Tp=uchar
          ]
  VideoSegmentation.cpp
c:\users\xerca\source\repos\cvproject\cvproject\slic.hpp(30): warning C4091: 'static ': ignored on left of 'Slic::InitType' when no variable is declared
c:\users\xerca\source\repos\cvproject\cvproject\videosegmentation.cpp(90): warning C4267: 'argument': conversion from 'size_t' to 'int', possible loss of data
c:\users\xerca\source\repos\cvproject\cvproject\videosegmentation.cpp(178): warning C4244: 'argument': conversion from 'int' to 'const float', possible loss of data
c:\users\xerca\source\repos\cvproject\cvproject\videosegmentation.cpp(233): warning C4244: 'argument': conversion from 'int' to 'const float', possible loss of data
c:\users\xerca\source\repos\cvproject\cvproject\videosegmentation.cpp(289): warning C4244: 'argument': conversion from 'int' to 'const float', possible loss of data
  Superpixel.cpp
c:\users\xerca\source\repos\cvproject\cvproject\superpixel.cpp(30): warning C4267: 'argument': conversion from 'size_t' to 'int', possible loss of data
  Generating code
  415 of 1427 functions (29.1%) were compiled, the rest were copied from previous compilation.
    1 functions were new in current compilation
    49 functions had inline decision re-evaluated but remain unchanged
  Finished generating code
  CVProject.vcxproj -> C:\Users\xerca\source\repos\CVProject\x64\Release\CVProject.exe
